[ 0 ] [ 222426 ] [ 12 18 23 28 32 33 43 49 55 60 65 72 76 78 79 80 82 85 92 95 107 108 112 117 118 126 129 133 ] [ 28 ]
[ 1 ] [ 24681012254051 ] [ 2 3 13 24 25 26 36 38 51 59 66 68 75 81 83 84 96 100 105 111 113 114 116 119 122 127 135 136 ] [ 28 ]
[ 2 ] [ 1351555759616365 ] [ 1 5 8 16 17 19 21 29 31 34 45 47 61 69 71 72 74 79 80 88 90 93 98 100 112 116 124 127 132 136 137 ] [ 31 ]
[ 3 ] [ 234 ] [ 9 23 24 31 35 40 43 55 60 64 68 70 75 78 79 81 82 84 86 87 88 89 92 99 107 110 111 112 115 118 122 123 124 126 127 128 129 131 133 135 136 137 ] [ 42 ]
[ 4 ] [ 216212325354951 ] [ 4 5 7 8 15 16 19 20 34 36 37 40 42 44 45 46 50 53 54 56 59 66 71 73 74 83 96 102 105 109 111 116 120 122 123 125 132 ] [ 37 ]
[ 5 ] [ 355456586062 ] [ 4 7 9 11 14 18 27 30 32 37 39 40 41 46 48 52 64 66 68 73 75 76 81 84 86 91 92 95 96 102 103 105 107 110 111 117 118 123 128 130 131 134 ] [ 42 ]
[ 6 ] [ 579111337474951 ] [ 1 4 5 7 9 17 18 19 21 22 29 30 32 37 39 42 48 50 54 56 58 63 65 67 69 70 71 72 73 74 86 90 94 97 98 102 104 108 112 130 132 ] [ 41 ]
[ 7 ] [ 1340424446 ] [ 8 11 12 18 27 32 33 41 47 55 62 64 66 76 78 79 82 83 87 88 89 91 92 93 95 101 102 106 109 113 114 117 118 121 123 125 126 128 129 130 131 133 136 137 ] [ 44 ]
[ 8 ] [ 4345474951616365 ] [ 2 3 5 6 10 15 16 17 20 21 22 23 28 29 31 35 36 38 42 43 44 49 50 53 54 56 57 58 59 63 69 71 72 74 77 80 85 90 94 98 99 112 120 122 132 135 ] [ 46 ]
[ 9 ] [ 303537 ] [ 6 8 9 10 11 14 16 18 23 24 25 27 29 33 40 41 47 51 56 64 65 68 69 70 75 76 80 81 84 85 86 87 91 96 98 101 106 107 111 112 118 119 120 122 134 135 ] [ 46 ]
[ 10 ] [ 16495168 ] [ 15 35 77 79 80 83 84 85 86 90 93 94 96 97 98 99 100 102 104 105 108 109 110 111 114 116 119 120 121 122 123 124 125 126 127 128 130 132 134 135 137 ] [ 41 ]
[ 11 ] [ 1722 ] [ 2 12 14 22 23 25 26 27 33 38 49 52 62 64 65 67 70 76 77 79 80 81 82 84 85 86 87 89 91 92 95 97 99 100 101 104 107 108 110 114 115 117 126 128 130 135 136 ] [ 47 ]
[ 12 ] [ 246831 ] [ 2 3 10 13 14 20 23 24 25 26 28 34 36 38 46 51 57 59 60 62 66 75 83 85 87 88 89 93 95 96 99 100 103 105 106 107 114 115 116 118 119 122 124 125 129 133 134 135 ] [ 48 ]
[ 13 ] [ 1354565860 ] [ 4 7 9 10 11 12 14 18 20 26 27 30 32 33 37 39 40 41 43 44 46 48 49 52 53 54 62 64 66 73 76 78 81 83 85 86 87 89 91 92 95 96 97 99 101 102 105 108 110 111 113 114 117 118 121 123 126 128 129 130 131 133 134 ] [ 63 ]
[ 14 ] [ 2459616365 ] [ 2 3 5 6 8 13 15 16 23 24 25 28 31 34 35 36 38 42 45 47 51 56 57 59 60 61 65 69 70 77 79 80 82 88 93 100 106 109 112 115 116 119 120 122 124 125 127 132 135 136 137 ] [ 51 ]
[ 15 ] [ 79111319 ] [ 1 4 5 6 7 11 12 15 18 19 22 29 30 31 32 33 37 39 40 41 42 44 45 48 49 53 54 55 56 58 61 63 64 65 70 71 72 73 74 76 78 79 80 86 90 91 94 97 98 102 104 108 110 112 117 120 121 123 126 130 132 ] [ 61 ]
[ 16 ] [ 18232540 ] [ 3 4 5 6 7 9 10 11 13 15 17 19 20 24 30 37 45 47 48 50 53 54 58 61 63 66 68 71 73 88 90 98 103 105 106 109 111 113 116 119 121 122 123 125 127 131 134 137 ] [ 48 ]
[ 17 ] [ 2333537516567 ] [ 1 2 3 5 6 7 8 10 11 13 16 19 20 25 26 27 28 30 34 36 37 38 39 42 44 45 46 47 48 49 50 51 52 53 54 56 57 59 61 62 65 66 67 69 71 74 76 101 ] [ 48 ]
[ 18 ] [ 3767 ] [ 1 2 3 4 5 6 7 8 9 10 11 12 13 14 16 17 18 19 20 21 22 23 24 25 26 27 28 29 30 31 32 33 34 36 37 38 39 40 41 42 43 44 45 46 47 48 49 50 51 52 53 54 56 57 58 59 60 61 62 63 64 65 66 67 68 69 70 71 72 73 74 75 76 101 ] [ 74 ]
[ 19 ] [ 132954 ] [ 2 4 5 7 12 15 20 22 26 28 30 31 32 36 37 39 42 43 44 46 48 49 50 52 53 54 55 57 58 62 63 66 67 71 73 74 77 82 83 90 94 95 97 99 100 102 104 105 108 109 110 114 116 117 125 128 129 130 132 133 ] [ 60 ]
[ 20 ] [ 2540424465 ] [ 1 7 8 11 13 19 24 25 26 27 34 37 45 47 51 52 61 62 66 67 70 75 83 84 87 88 89 93 100 101 102 103 104 105 106 109 111 113 114 115 116 119 123 124 125 127 128 131 136 137 ] [ 50 ]
[ 21 ] [ 40424454 ] [ 4 7 8 9 11 12 13 18 24 25 26 27 32 33 37 41 47 51 52 55 60 62 64 65 66 67 68 70 75 76 78 82 83 84 87 89 91 92 95 96 100 101 102 103 104 105 106 107 108 109 111 113 114 115 116 117 118 119 121 123 124 125 126 128 129 130 131 133 ] [ 68 ]
[ 22 ] [ 242325 ] [ 2 3 4 5 6 8 10 13 14 15 16 20 24 25 30 31 34 36 37 38 40 42 44 45 46 47 53 56 59 61 66 68 69 70 73 81 83 88 96 100 101 102 103 105 106 109 110 111 113 116 119 120 122 123 125 127 131 132 134 136 137 ] [ 61 ]
[ 23 ] [ 4547495154 ] [ 2 3 4 5 6 7 9 10 14 15 16 20 22 23 26 28 29 30 31 35 36 37 39 40 42 43 44 46 48 49 50 51 52 53 54 56 57 58 59 63 65 67 69 70 71 73 74 77 81 85 86 90 94 96 97 98 99 100 104 105 108 110 111 112 116 119 120 122 124 132 134 ] [ 71 ]
[ 24 ] [ 24622 ] [ 2 3 6 10 12 13 14 23 24 25 26 27 28 31 35 38 43 47 49 51 52 57 60 61 62 68 75 77 79 80 81 82 84 85 87 89 92 93 95 99 100 101 103 106 107 110 113 114 115 118 119 124 127 128 129 131 133 134 135 136 137 ] [ 61 ]
[ 25 ] [ 19616365 ] [ 1 2 3 5 6 13 15 19 20 22 24 25 29 31 33 34 35 38 42 44 45 49 53 54 55 56 57 58 59 60 61 62 63 65 70 71 72 74 77 78 79 80 82 83 87 88 90 93 94 98 100 101 104 106 109 112 115 116 120 122 124 126 127 132 135 136 137 ] [ 67 ]
[ 26 ] [ 291113 ] [ 1 4 5 6 7 8 9 10 11 12 14 15 16 19 20 27 28 30 31 34 37 39 40 41 42 43 44 45 46 47 48 49 50 53 54 55 56 61 62 64 65 67 69 70 71 73 74 76 77 78 79 80 82 85 86 87 97 99 102 109 110 112 117 120 123 126 130 131 132 134 137 ] [ 71 ]
[ 27 ] [ 223540 ] [ 2 3 6 9 10 11 13 17 18 22 24 25 26 27 28 30 32 33 38 39 41 43 47 48 49 51 52 55 57 61 62 64 65 67 68 70 72 75 76 77 81 82 84 86 87 91 92 95 100 101 103 104 106 107 110 112 117 118 119 126 127 128 130 131 134 135 136 ] [ 67 ]
[ 28 ] [ 1933 ] [ 1 2 3 4 5 6 7 11 12 13 14 15 19 20 22 25 29 30 32 34 37 38 39 41 42 44 45 46 48 49 52 53 54 56 57 58 59 61 62 63 65 66 71 72 73 74 76 77 80 83 90 91 93 94 95 97 98 100 101 102 103 104 105 106 109 113 114 116 117 120 130 132 134 ] [ 73 ]
[ 29 ] [ 40474951 ] [ 1 2 3 4 5 6 7 8 9 10 13 15 16 17 18 19 20 22 25 26 28 30 32 34 36 37 38 39 42 43 44 45 47 48 49 50 51 52 53 54 56 57 58 59 61 63 65 67 70 71 72 73 74 75 77 79 81 86 90 96 97 98 100 101 102 104 105 108 110 111 112 114 116 119 121 122 124 125 127 130 134 135 137 ] [ 83 ]
[ 30 ] [ 11134042 ] [ 1 4 5 7 8 9 10 11 12 17 18 19 20 22 27 30 32 33 34 37 41 42 44 45 47 49 52 55 57 58 61 62 63 64 65 67 70 72 76 77 78 79 82 86 87 88 89 91 93 95 101 102 104 108 109 110 117 118 121 123 124 125 126 128 129 130 131 133 134 137 ] [ 70 ]
[ 31 ] [ 374042 ] [ 1 2 4 5 7 8 9 10 11 12 13 17 18 19 20 22 24 25 26 27 30 32 33 34 37 41 42 44 45 47 49 51 52 57 58 60 61 62 63 64 65 66 67 68 70 72 75 76 81 83 84 86 87 91 95 96 100 101 102 103 104 105 106 107 108 109 110 111 114 115 116 117 118 119 122 125 128 129 130 134 135 137 ] [ 82 ]
[ 32 ] [ 24165456 ] [ 2 3 4 6 10 12 13 14 15 20 23 26 27 30 35 36 37 40 42 43 44 46 49 51 53 56 57 59 60 62 64 65 66 68 70 73 77 82 83 84 85 87 89 92 95 96 97 99 101 102 105 107 109 110 111 113 114 115 118 119 120 122 123 125 126 128 129 131 133 134 ] [ 70 ]
[ 33 ] [ 246365 ] [ 2 3 5 6 8 10 12 13 15 16 20 23 24 25 26 27 28 30 31 34 35 36 37 38 40 42 43 44 45 47 49 51 52 53 56 57 59 60 61 62 65 66 69 70 77 79 80 82 83 85 87 88 93 97 99 100 101 102 105 106 109 111 112 113 114 115 116 119 120 122 124 125 126 127 128 132 135 136 137 ] [ 79 ]
[ 34 ] [ 11132851 ] [ 4 5 6 7 9 10 11 12 14 15 17 19 20 21 22 23 27 28 29 30 31 32 34 37 39 40 41 42 43 44 45 46 47 48 49 50 52 53 54 57 58 61 62 63 65 67 69 71 72 73 74 76 77 78 79 86 88 90 91 93 94 95 97 98 99 101 102 104 108 109 110 118 120 123 124 125 128 129 130 132 134 137 ] [ 82 ]
[ 35 ] [ 315456 ] [ 2 3 4 6 7 9 10 11 12 13 14 15 20 22 23 24 26 27 28 30 36 37 39 40 41 43 44 46 48 49 50 51 53 54 55 57 58 59 60 62 63 64 65 66 67 70 73 75 76 78 83 85 86 87 89 91 94 95 96 97 99 102 103 104 105 107 108 110 114 115 118 119 120 122 123 125 126 129 130 133 134 ] [ 81 ]
[ 36 ] [ 253135 ] [ 1 2 3 4 5 6 7 8 9 10 11 13 14 15 16 17 19 20 21 22 24 25 26 27 29 30 31 34 36 37 38 39 40 41 44 45 46 48 50 51 53 54 57 58 59 61 62 63 64 66 67 69 70 71 73 74 75 83 86 87 88 90 91 94 96 99 100 102 103 104 105 106 110 116 119 120 122 123 125 130 132 134 135 ] [ 83 ]
[ 37 ] [ 1925 ] [ 1 2 3 4 5 6 7 11 13 14 15 19 20 22 24 25 29 30 31 34 35 37 38 39 40 41 42 44 45 46 48 52 53 54 56 57 58 59 61 62 63 64 66 68 70 71 73 74 75 77 81 83 84 86 87 88 89 90 91 93 94 97 98 100 101 102 103 104 105 106 109 110 111 113 114 115 116 120 121 122 123 124 127 128 130 131 132 134 135 136 137 ] [ 91 ]
[ 38 ] [ 1331 ] [ 1 2 4 5 6 7 8 9 10 11 12 14 15 16 17 19 20 21 22 23 26 27 28 29 30 31 34 36 37 39 40 41 43 44 45 46 48 49 50 53 54 55 57 58 61 62 63 64 65 66 67 69 70 71 72 73 74 76 78 79 80 83 85 86 87 88 89 90 91 93 94 95 96 97 99 100 102 104 105 106 108 110 112 114 116 118 120 122 123 124 125 126 129 130 132 133 134 ] [ 97 ]
[ 39 ] [ 24951 ] [ 1 2 3 4 5 6 7 8 9 10 13 14 15 16 19 20 23 24 25 26 28 30 31 34 35 36 37 38 39 40 41 42 43 44 45 46 47 48 49 50 51 52 53 54 56 57 59 61 62 65 66 67 69 70 71 73 74 75 76 77 79 80 81 83 84 85 86 93 96 97 99 100 101 102 105 109 110 111 112 114 116 119 120 122 123 124 125 126 127 128 130 132 134 135 136 137 ] [ 96 ]
[ 40 ] [ 2835 ] [ 3 4 5 6 7 9 10 11 13 14 15 17 19 20 21 22 23 24 26 27 28 29 30 31 32 34 36 37 38 39 40 41 42 43 44 45 46 47 48 49 50 52 53 54 55 57 58 59 61 62 63 65 66 67 69 71 72 73 74 75 76 77 82 83 84 86 88 90 91 92 94 95 98 99 100 101 102 103 104 105 109 110 111 116 117 118 119 120 123 125 127 128 130 131 132 134 136 ] [ 97 ]
[ 41 ] [ 19 ] [ 1 2 3 4 5 6 7 11 12 13 14 15 18 19 20 22 24 25 29 30 31 32 33 34 35 37 38 39 40 41 42 44 45 46 48 49 52 53 54 55 56 57 58 59 60 61 62 63 64 65 66 68 70 71 72 73 74 75 76 77 78 79 80 81 82 83 84 86 87 88 89 90 91 92 93 94 95 97 98 100 101 102 103 104 105 106 107 108 109 110 111 112 113 114 115 116 117 118 120 121 122 123 124 126 127 128 129 130 131 132 133 134 135 136 137 ] [ 115 ]
